<?xml version="1.0" encoding="UTF-8"?>
<testsuite xmlns:xsi="http://www.w3.org/2001/XMLSchema-instance" xsi:noNamespaceSchemaLocation="https://maven.apache.org/surefire/maven-surefire-plugin/xsd/surefire-test-report-3.0.xsd" version="3.0" name="org.example.HeroTest" time="0.792" tests="9" errors="0" skipped="0" failures="0">
  <properties>
[...]
</properties>
  <testcase name="testShootArrow" classname="org.example.HeroTest" time="0.784">
    <system-out><![CDATA[A hős lőtt egy nyíllal NORTH irányba.
]]></system-out>
  </testcase>
  <testcase name="testSetHasGold" classname="org.example.HeroTest" time="0.001"/>
  <testcase name="testSetGameBoard" classname="org.example.HeroTest" time="0.001"/>
  <testcase name="testShootArrowNoArrowsLeft" classname="org.example.HeroTest" time="0.0">
    <system-out><![CDATA[Nincs több nyil.
]]></system-out>
  </testcase>
  <testcase name="testTurnRight" classname="org.example.HeroTest" time="0.001"/>
  <testcase name="testIsHasGold" classname="org.example.HeroTest" time="0.0"/>
  <testcase name="testTurnLeft" classname="org.example.HeroTest" time="0.0"/>
  <testcase name="testSetDirection" classname="org.example.HeroTest" time="0.001"/>
  <testcase name="testPickUpGold" classname="org.example.HeroTest" time="0.001"/>
</testsuite>