<?xml version="1.0" encoding="UTF-8"?>
<testsuite xmlns:xsi="http://www.w3.org/2001/XMLSchema-instance" xsi:noNamespaceSchemaLocation="https://maven.apache.org/surefire/maven-surefire-plugin/xsd/surefire-test-report-3.0.xsd" version="3.0" name="org.example.GameBoardTest" time="0.402" tests="54" errors="0" skipped="0" failures="0">
  <properties>
[...]
</properties>
  <testcase name="testProcessArrowShot" classname="org.example.GameBoardTest" time="0.036">
    <system-out><![CDATA[# # # # # 
# . . . # 
# . . . # 
# . . . # 
# # # # # 
# # # # # 
# . . . # 
# . . . # 
# . . . # 
# # # # # 
Egy wumpusz meghalt.
]]></system-out>
  </testcase>
  <testcase name="testRecreateHeroIfNeeded" classname="org.example.GameBoardTest" time="0.004">
    <system-out><![CDATA[# # # # # 
# . . . # 
# . . . # 
# . . . # 
# # # # # 
# # # # # 
# . . . # 
# . . . # 
# . . . # 
# # # # # 
]]></system-out>
  </testcase>
  <testcase name="testTileToChar" classname="org.example.GameBoardTest" time="0.003">
    <system-out><![CDATA[# # # # # 
# . . . # 
# . . . # 
# . . . # 
# # # # # 
]]></system-out>
  </testcase>
  <testcase name="testGameOverByWumpus" classname="org.example.GameBoardTest" time="0.002">
    <system-out><![CDATA[# # # # # 
# . . . # 
# . . . # 
# . . . # 
# # # # # 
# # # # # 
# . . . # 
# . . . # 
# . . . # 
# # # # # 
A hős wumpuszra lépett és meghalt!
]]></system-out>
  </testcase>
  <testcase name="testCheckForHazards_NoHazard" classname="org.example.GameBoardTest" time="0.002">
    <system-out><![CDATA[# # # # # 
# . . . # 
# . . . # 
# . . . # 
# # # # # 
# # # # # 
# . . . # 
# . . . # 
# . . . # 
# # # # # 
]]></system-out>
  </testcase>
  <testcase name="testFindStartingPointWithHeroPlaced" classname="org.example.GameBoardTest" time="0.002">
    <system-out><![CDATA[# # # # # 
# . . . # 
# . . . # 
# . . . # 
# # # # # 
# # # # # 
# . . . # 
# . . . # 
# . . . # 
# # # # # 
]]></system-out>
  </testcase>
  <testcase name="testSerialization" classname="org.example.GameBoardTest" time="0.226">
    <system-out><![CDATA[# # # # # 
# . . . # 
# . . . # 
# . . . # 
# # # # # 
# # # # # 
# . . . # 
# . . . # 
# . . . # 
# # # # # 
]]></system-out>
  </testcase>
  <testcase name="testRemoveElement_ValidPosition" classname="org.example.GameBoardTest" time="0.004">
    <system-out><![CDATA[# # # # # 
# . . . # 
# . . . # 
# . . . # 
# # # # # 
# # # # # 
# . . . # 
# . . . # 
# . . . # 
# # # # # 
]]></system-out>
  </testcase>
  <testcase name="testFindStartingPointNoHero" classname="org.example.GameBoardTest" time="0.004">
    <system-out><![CDATA[# # # # # 
# . . . # 
# . . . # 
# . . . # 
# # # # # 
# # # # # 
# . . . # 
# . . . # 
# . . . # 
# # # # # 
]]></system-out>
  </testcase>
  <testcase name="testCalculateWumpusCount" classname="org.example.GameBoardTest" time="0.005">
    <system-out><![CDATA[# # # # # 
# . . . # 
# . . . # 
# . . . # 
# # # # # 
# # # # # # # # 
# . . . . . . # 
# . . . . . . # 
# . . . . . . # 
# . . . . . . # 
# . . . . . . # 
# . . . . . . # 
# # # # # # # # 
# # # # # # # # # 
# . . . . . . . # 
# . . . . . . . # 
# . . . . . . . # 
# . . . . . . . # 
# . . . . . . . # 
# . . . . . . . # 
# . . . . . . . # 
# # # # # # # # # 
# # # # # # # # # # # # # # # 
# . . . . . . . . . . . . . # 
# . . . . . . . . . . . . . # 
# . . . . . . . . . . . . . # 
# . . . . . . . . . . . . . # 
# . . . . . . . . . . . . . # 
# . . . . . . . . . . . . . # 
# . . . . . . . . . . . . . # 
# . . . . . . . . . . . . . # 
# . . . . . . . . . . . . . # 
# . . . . . . . . . . . . . # 
# . . . . . . . . . . . . . # 
# . . . . . . . . . . . . . # 
# . . . . . . . . . . . . . # 
# # # # # # # # # # # # # # # 
]]></system-out>
  </testcase>
  <testcase name="testCheckVictoryConditionDeclaresVictory" classname="org.example.GameBoardTest" time="0.002">
    <system-out><![CDATA[# # # # # 
# . . . # 
# . . . # 
# . . . # 
# # # # # 
# # # # # 
# . . . # 
# . . . # 
# . . . # 
# # # # # 
Arany felvéve, térj vissza a kezdőpontra!
Gratulálunk! Megnyerted a játékot!
]]></system-out>
  </testcase>
  <testcase name="testGameOver" classname="org.example.GameBoardTest" time="0.001">
    <system-out><![CDATA[# # # # # 
# . . . # 
# . . . # 
# . . . # 
# # # # # 
# # # # # 
# . . . # 
# . . . # 
# . . . # 
# # # # # 
]]></system-out>
  </testcase>
  <testcase name="testTileAdapterUnmarshalling" classname="org.example.GameBoardTest" time="0.003">
    <system-out><![CDATA[# # # # # 
# . . . # 
# . . . # 
# . . . # 
# # # # # 
]]></system-out>
  </testcase>
  <testcase name="testAddElementInvalidPositionDoesNotPlaceElement" classname="org.example.GameBoardTest" time="0.003">
    <system-out><![CDATA[# # # # # 
# . . . # 
# . . . # 
# . . . # 
# # # # # 
# # # # # 
# . . . # 
# . . . # 
# . . . # 
# # # # # 
]]></system-out>
    <system-err><![CDATA[Invalid position: [-1, -1]
]]></system-err>
  </testcase>
  <testcase name="testPerformPostPlacementActions_Overlap" classname="org.example.GameBoardTest" time="0.001">
    <system-out><![CDATA[# # # # # 
# . . . # 
# . . . # 
# . . . # 
# # # # # 
# # # # # 
# . . . # 
# . . . # 
# . . . # 
# # # # # 
]]></system-out>
  </testcase>
  <testcase name="testInitializeBoard" classname="org.example.GameBoardTest" time="0.002">
    <system-out><![CDATA[# # # # # 
# . . . # 
# . . . # 
# . . . # 
# # # # # 
# # # # # 
# . . . # 
# . . . # 
# . . . # 
# # # # # 
]]></system-out>
  </testcase>
  <testcase name="testVictoryConditionAfterPickingUpGold" classname="org.example.GameBoardTest" time="0.0">
    <system-out><![CDATA[# # # # # 
# . . . # 
# . . . # 
# . . . # 
# # # # # 
# # # # # 
# . . . # 
# . . . # 
# . . . # 
# # # # # 
Arany felvéve, térj vissza a kezdőpontra!
Nem lehet oda lépni!
Gratulálunk! Megnyerted a játékot!
]]></system-out>
  </testcase>
  <testcase name="testAddElement" classname="org.example.GameBoardTest" time="0.0">
    <system-out><![CDATA[# # # # # 
# . . . # 
# . . . # 
# . . . # 
# # # # # 
# # # # # 
# . . . # 
# . . . # 
# . . . # 
# # # # # 
]]></system-out>
  </testcase>
  <testcase name="testMoveHeroNorthMovesCorrectly" classname="org.example.GameBoardTest" time="0.0">
    <system-out><![CDATA[# # # # # 
# . . . # 
# . . . # 
# . . . # 
# # # # # 
# # # # # 
# . . . # 
# . . . # 
# . . . # 
# # # # # 
]]></system-out>
  </testcase>
  <testcase name="testPickUpGoldCommand_WithGold" classname="org.example.GameBoardTest" time="0.001">
    <system-out><![CDATA[# # # # # 
# . . . # 
# . . . # 
# . . . # 
# # # # # 
# # # # # 
# . . . # 
# . . . # 
# . . . # 
# # # # # 
Arany felvéve, térj vissza a kezdőpontra!
]]></system-out>
  </testcase>
  <testcase name="testAddElementValidPositionPlacesElement" classname="org.example.GameBoardTest" time="0.0">
    <system-out><![CDATA[# # # # # 
# . . . # 
# . . . # 
# . . . # 
# # # # # 
# # # # # 
# . . . # 
# . . . # 
# . . . # 
# # # # # 
]]></system-out>
  </testcase>
  <testcase name="testMoveHero_TowardsWall" classname="org.example.GameBoardTest" time="0.001">
    <system-out><![CDATA[# # # # # 
# . . . # 
# . . . # 
# . . . # 
# # # # # 
# # # # # 
# . . . # 
# . . . # 
# . . . # 
# # # # # 
Nem lehet oda lépni!
]]></system-out>
  </testcase>
  <testcase name="testInitializeBoardCreatesCorrectWallBoundary" classname="org.example.GameBoardTest" time="0.001">
    <system-out><![CDATA[# # # # # 
# . . . # 
# . . . # 
# . . . # 
# # # # # 
# # # # # 
# . . . # 
# . . . # 
# . . . # 
# # # # # 
]]></system-out>
  </testcase>
  <testcase name="testPickUpGoldCommand" classname="org.example.GameBoardTest" time="0.001">
    <system-out><![CDATA[# # # # # 
# . . . # 
# . . . # 
# . . . # 
# # # # # 
# # # # # 
# . . . # 
# . . . # 
# . . . # 
# # # # # 
Arany felvéve, térj vissza a kezdőpontra!
]]></system-out>
  </testcase>
  <testcase name="testCheckForHazards_OnWumpus" classname="org.example.GameBoardTest" time="0.001">
    <system-out><![CDATA[# # # # # 
# . . . # 
# . . . # 
# . . . # 
# # # # # 
# # # # # 
# . . . # 
# . . . # 
# . . . # 
# # # # # 
A hős wumpuszra lépett és meghalt!
]]></system-out>
  </testcase>
  <testcase name="testRemoveElementClearsTile" classname="org.example.GameBoardTest" time="0.001">
    <system-out><![CDATA[# # # # # 
# . . . # 
# . . . # 
# . . . # 
# # # # # 
# # # # # 
# . . . # 
# . . . # 
# . . . # 
# # # # # 
]]></system-out>
  </testcase>
  <testcase name="testMoveHero_Boundary" classname="org.example.GameBoardTest" time="0.0">
    <system-out><![CDATA[# # # # # 
# . . . # 
# . . . # 
# . . . # 
# # # # # 
# # # # # 
# . . . # 
# . . . # 
# . . . # 
# # # # # 
Nem lehet oda lépni!
]]></system-out>
  </testcase>
  <testcase name="testPerformPostPlacementActions_PlaceHero" classname="org.example.GameBoardTest" time="0.001">
    <system-out><![CDATA[# # # # # 
# . . . # 
# . . . # 
# . . . # 
# # # # # 
# # # # # 
# . . . # 
# . . . # 
# . . . # 
# # # # # 
]]></system-out>
  </testcase>
  <testcase name="testRemoveWumpus" classname="org.example.GameBoardTest" time="0.001">
    <system-out><![CDATA[# # # # # 
# . . . # 
# . . . # 
# . . . # 
# # # # # 
# # # # # 
# . . . # 
# . . . # 
# . . . # 
# # # # # 
]]></system-out>
  </testcase>
  <testcase name="testIsWallIdentifiesWalls" classname="org.example.GameBoardTest" time="0.001">
    <system-out><![CDATA[# # # # # 
# . . . # 
# . . . # 
# . . . # 
# # # # # 
# # # # # 
# . . . # 
# . . . # 
# . . . # 
# # # # # 
]]></system-out>
  </testcase>
  <testcase name="testProcessArrowShotHitsWumpus" classname="org.example.GameBoardTest" time="0.001">
    <system-out><![CDATA[# # # # # 
# . . . # 
# . . . # 
# . . . # 
# # # # # 
# # # # # 
# . . . # 
# . . . # 
# . . . # 
# # # # # 
Egy wumpusz meghalt.
]]></system-out>
  </testcase>
  <testcase name="testRemoveGold" classname="org.example.GameBoardTest" time="0.002">
    <system-out><![CDATA[# # # # # 
# . . . # 
# . . . # 
# . . . # 
# # # # # 
# # # # # 
# . . . # 
# . . . # 
# . . . # 
# # # # # 
]]></system-out>
  </testcase>
  <testcase name="testArrowShotHitsWall" classname="org.example.GameBoardTest" time="0.001">
    <system-out><![CDATA[# # # # # 
# . . . # 
# . . . # 
# . . . # 
# # # # # 
# # # # # 
# . . . # 
# . . . # 
# . . . # 
# # # # # 
Ez nagyon mellé ment.
]]></system-out>
  </testcase>
  <testcase name="testRemoveElement_InvalidPosition" classname="org.example.GameBoardTest" time="0.001">
    <system-out><![CDATA[# # # # # 
# . . . # 
# . . . # 
# . . . # 
# # # # # 
# # # # # 
# . . . # 
# . . . # 
# . . . # 
# # # # # 
]]></system-out>
  </testcase>
  <testcase name="testMoveHero" classname="org.example.GameBoardTest" time="0.001">
    <system-out><![CDATA[# # # # # 
# . . . # 
# . . . # 
# . . . # 
# # # # # 
# # # # # 
# . . . # 
# . . . # 
# . . . # 
# # # # # 
]]></system-out>
  </testcase>
  <testcase name="testProcessArrowShotWithWall" classname="org.example.GameBoardTest" time="0.001">
    <system-out><![CDATA[# # # # # 
# . . . # 
# . . . # 
# . . . # 
# # # # # 
# # # # # 
# . . . # 
# . . . # 
# . . . # 
# # # # # 
Ez nagyon mellé ment.
]]></system-out>
  </testcase>
  <testcase name="testHeroEncounterWithPit" classname="org.example.GameBoardTest" time="0.001">
    <system-out><![CDATA[# # # # # 
# . . . # 
# . . . # 
# . . . # 
# # # # # 
# # # # # 
# . . . # 
# . . . # 
# . . . # 
# # # # # 
A hős beleesett egy verembe és elveszített egy nyilat.
]]></system-out>
  </testcase>
  <testcase name="testPickUpGoldCommand_AlreadyPicked" classname="org.example.GameBoardTest" time="0.001">
    <system-out><![CDATA[# # # # # 
# . . . # 
# . . . # 
# . . . # 
# # # # # 
# # # # # 
# . . . # 
# . . . # 
# . . . # 
# # # # # 
Itt nincs arany.
]]></system-out>
  </testcase>
  <testcase name="testCheckVictoryCondition_Victory" classname="org.example.GameBoardTest" time="0.001">
    <system-out><![CDATA[# # # # # 
# . . . # 
# . . . # 
# . . . # 
# # # # # 
# # # # # 
# . . . # 
# . . . # 
# . . . # 
# # # # # 
Arany felvéve, térj vissza a kezdőpontra!
Gratulálunk! Megnyerted a játékot!
]]></system-out>
  </testcase>
  <testcase name="testProcessArrowShotMissesWumpus" classname="org.example.GameBoardTest" time="0.001">
    <system-out><![CDATA[# # # # # 
# . . . # 
# . . . # 
# . . . # 
# # # # # 
# # # # # 
# . . . # 
# . . . # 
# . . . # 
# # # # # 
Ez nagyon mellé ment.
]]></system-out>
  </testcase>
  <testcase name="testTileAdapterMarshalling" classname="org.example.GameBoardTest" time="0.001">
    <system-out><![CDATA[# # # # # 
# . . . # 
# . . . # 
# . . . # 
# # # # # 
]]></system-out>
  </testcase>
  <testcase name="testPickUpGoldCommandPicksUpGold" classname="org.example.GameBoardTest" time="0.001">
    <system-out><![CDATA[# # # # # 
# . . . # 
# . . . # 
# . . . # 
# # # # # 
# # # # # 
# . . . # 
# . . . # 
# . . . # 
# # # # # 
Arany felvéve, térj vissza a kezdőpontra!
]]></system-out>
  </testcase>
  <testcase name="testArrowShotMisses" classname="org.example.GameBoardTest" time="0.001">
    <system-out><![CDATA[# # # # # 
# . . . # 
# . . . # 
# . . . # 
# # # # # 
# # # # # 
# . . . # 
# . . . # 
# . . . # 
# # # # # 
Ez nagyon mellé ment.
]]></system-out>
  </testcase>
  <testcase name="testRemoveElement" classname="org.example.GameBoardTest" time="0.002">
    <system-out><![CDATA[# # # # # 
# . . . # 
# . . . # 
# . . . # 
# # # # # 
# # # # # 
# . . . # 
# . . . # 
# . . . # 
# # # # # 
]]></system-out>
  </testcase>
  <testcase name="testCalculateWumpusAndPitPositions" classname="org.example.GameBoardTest" time="0.001">
    <system-out><![CDATA[# # # # # 
# . . . # 
# . . . # 
# . . . # 
# # # # # 
# # # # # 
# . . . # 
# . . . # 
# . . . # 
# # # # # 
]]></system-out>
  </testcase>
  <testcase name="testCheckHeroAndGoldPlacement" classname="org.example.GameBoardTest" time="0.002">
    <system-out><![CDATA[# # # # # 
# . . . # 
# . . . # 
# . . . # 
# # # # # 
# # # # # 
# . . . # 
# . . . # 
# . . . # 
# # # # # 
Hős helyezve: [2,2]
Arany helyezve: [3,3]
]]></system-out>
  </testcase>
  <testcase name="testRemoveElement_NonExistent" classname="org.example.GameBoardTest" time="0.001">
    <system-out><![CDATA[# # # # # 
# . . . # 
# . . . # 
# . . . # 
# # # # # 
# # # # # 
# . . . # 
# . . . # 
# . . . # 
# # # # # 
]]></system-out>
  </testcase>
  <testcase name="testVictoryCondition" classname="org.example.GameBoardTest" time="0.001">
    <system-out><![CDATA[# # # # # 
# . . . # 
# . . . # 
# . . . # 
# # # # # 
# # # # # 
# . . . # 
# . . . # 
# . . . # 
# # # # # 
A hős rálépett az aranyra. Használd az 'aranyat felszed' parancsot a felvételéhez.
Arany felvéve, térj vissza a kezdőpontra!
Gratulálunk! Megnyerted a játékot!
]]></system-out>
  </testcase>
  <testcase name="testAddElementWithValidPosition" classname="org.example.GameBoardTest" time="0.001">
    <system-out><![CDATA[# # # # # 
# . . . # 
# . . . # 
# . . . # 
# # # # # 
# # # # # 
# . . . # 
# . . . # 
# . . . # 
# # # # # 
]]></system-out>
  </testcase>
  <testcase name="testIsValidPosition" classname="org.example.GameBoardTest" time="0.001">
    <system-out><![CDATA[# # # # # 
# . . . # 
# . . . # 
# . . . # 
# # # # # 
# # # # # 
# . . . # 
# . . . # 
# . . . # 
# # # # # 
]]></system-out>
  </testcase>
  <testcase name="testRemovePit" classname="org.example.GameBoardTest" time="0.001">
    <system-out><![CDATA[# # # # # 
# . . . # 
# . . . # 
# . . . # 
# # # # # 
# # # # # 
# . . . # 
# . . . # 
# . . . # 
# # # # # 
]]></system-out>
  </testcase>
  <testcase name="testAddElementWithInvalidPosition" classname="org.example.GameBoardTest" time="0.001">
    <system-out><![CDATA[# # # # # 
# . . . # 
# . . . # 
# . . . # 
# # # # # 
# # # # # 
# . . . # 
# . . . # 
# . . . # 
# # # # # 
]]></system-out>
    <system-err><![CDATA[Invalid position: [5, 5]
]]></system-err>
  </testcase>
  <testcase name="testConstructor" classname="org.example.GameBoardTest" time="0.001">
    <system-out><![CDATA[# # # # # 
# . . . # 
# . . . # 
# . . . # 
# # # # # 
# # # # # 
# . . . # 
# . . . # 
# . . . # 
# # # # # 
]]></system-out>
  </testcase>
  <testcase name="testCanPlaceElementAt_Invalid" classname="org.example.GameBoardTest" time="0.001">
    <system-out><![CDATA[# # # # # 
# . . . # 
# . . . # 
# . . . # 
# # # # # 
# # # # # 
# . . . # 
# . . . # 
# . . . # 
# # # # # 
]]></system-out>
  </testcase>
</testsuite>